make all --print-data-base --no-builtin-variables --no-builtin-rules --question
# GNU Make 3.81
# Copyright (C) 2006  Free Software Foundation, Inc.
# This is free software; see the source for copying conditions.
# There is NO warranty; not even for MERCHANTABILITY or FITNESS FOR A
# PARTICULAR PURPOSE.

# This program built for i386-apple-darwin11.3.0
 
make: *** No rule to make target `all'.  Stop.


# Make data base, printed on Wed Jul 13 18:50:54 2022

# Variables

# automatic
<D = $(patsubst %/,%,$(dir $<))
# automatic
?F = $(notdir $?)
# environment
gvm_go_name = go1.16
# environment
NVM_INC = /Users/bartoszlenart/.nvm/versions/node/v16.13.2/include/node
# automatic
?D = $(patsubst %/,%,$(dir $?))
# automatic
@D = $(patsubst %/,%,$(dir $@))
 
# automatic
@F = $(notdir $@)
# makefile
CURDIR := /Users/bartoszlenart/Projects/AlgoC
# makefile
SHELL = /bin/sh
# environment
VSCODE_NLS_CONFIG = {"locale":"en-gb","availableLanguages":{},"_languagePackSupport":true}
# environment
_ = /usr/bin/make
# environment
GVM_ROOT = /Users/bartoszlenart/.gvm
# makefile
MAKEFILE_LIST := 
# environment
__CFBundleIdentifier = com.microsoft.VSCode
# environment
INFOPATH = /opt/homebrew/share/info:
# environment
P9K_SSH = 0
# environment
GVM_PATH_BACKUP = /Users/bartoszlenart/.gvm/bin:/Users/bartoszlenart/.nvm/versions/node/v16.13.2/bin:/Users/bartoszlenart/bin:/usr/local/bin:/Users/bartoszlenart/bin:/usr/local/bin:/Users/bartoszlenart/.nvm/versions/node/v17.4.0/bin:/opt/homebrew/bin:/opt/homebrew/sbin:/usr/local/bin:/usr/bin:/bin:/usr/sbin:/sbin:/usr/local/go/bin
# environment
VSCODE_CWD = /
# environment
PATH = /Users/bartoszlenart/.cargo/bin:/Users/bartoszlenart/.gvm/pkgsets/go1.16/global/bin:/Users/bartoszlenart/.gvm/gos/go1.16/bin:/Users/bartoszlenart/.gvm/pkgsets/go1.16/global/overlay/bin:/Users/bartoszlenart/.gvm/bin:/Users/bartoszlenart/.gvm/bin:/Users/bartoszlenart/.nvm/versions/node/v16.13.2/bin:/Users/bartoszlenart/bin:/usr/local/bin:/Users/bartoszlenart/bin:/usr/local/bin:/Users/bartoszlenart/.nvm/versions/node/v17.4.0/bin:/opt/homebrew/bin:/opt/homebrew/sbin:/usr/local/bin:/usr/bin:/bin:/usr/sbin:/sbin:/usr/local/go/bin:/Users/bartoszlenart/Library/Application Support/cloud-code/installer/google-cloud-sdk/bin:/Users/bartoszlenart/google-cloud-sdk/bin
# environment
GOPATH = /Users/bartoszlenart/.gvm/pkgsets/go1.16/global
# environment
NVM_BIN = /Users/bartoszlenart/.nvm/versions/node/v16.13.2/bin
# environment
ELECTRON_RUN_AS_NODE = 1
# default
.FEATURES := target-specific order-only second-expansion else-if archives jobserver check-symlink
# environment
CLOUDSDK_METRICS_ENVIRONMENT = cloudcode.vscode
# environment
SSH_AUTH_SOCK = /private/tmp/com.apple.launchd.nenBipHUUB/Listeners
# automatic
%F = $(notdir $%)
# environment
CLOUDSDK_METRICS_ENVIRONMENT_VERSION = 1.19.0
# environment
PWD = /Users/bartoszlenart/Projects/AlgoC
# environment
HOMEBREW_CELLAR = /opt/homebrew/Cellar
# environment
PKG_CONFIG_PATH = /Users/bartoszlenart/.gvm/pkgsets/go1.16/global/overlay/lib/pkgconfig:
# environment
ORIGINAL_XDG_CURRENT_DESKTOP = undefined
# environment
MANPATH = /Users/bartoszlenart/.nvm/versions/node/v16.13.2/share/man:/opt/homebrew/share/man::
# environment
VSCODE_AMD_ENTRYPOINT = vs/workbench/api/node/extensionHostProcess
# environment
HOME = /Users/bartoszlenart
# environment
LD_LIBRARY_PATH = /Users/bartoszlenart/.gvm/pkgsets/go1.16/global/overlay/lib:
# default
MAKEFILEPATH = $(shell /usr/bin/xcode-select -print-path 2>/dev/null || echo /Developer)/Makefiles
# environment
VSCODE_CODE_CACHE_PATH = /Users/bartoszlenart/Library/Application Support/Code/CachedData/b06ae3b2d2dbfe28bca3134cc6be65935cdfea6a
# environment
LOGNAME = bartoszlenart
# environment
APPLICATION_INSIGHTS_NO_DIAGNOSTIC_CHANNEL = 1
# environment
NVM_CD_FLAGS = -q
# environment
VSCODE_HANDLES_UNCAUGHT_ERRORS = true
# automatic
^D = $(patsubst %/,%,$(dir $^))
# environment
GVM_VERSION = 1.0.22
# environment
XPC_FLAGS = 0x0
# default
MAKE = $(MAKE_COMMAND)
# default
MAKECMDGOALS := all
# environment
SHLVL = 1
# environment
GVM_OVERLAY_PREFIX = /Users/bartoszlenart/.gvm/pkgsets/go1.16/global/overlay
# environment
gvm_pkgset_name = global
# default
MAKE_VERSION := 3.81
# environment
USER = bartoszlenart
# makefile
.DEFAULT_GOAL := 
# environment
GOROOT = /Users/bartoszlenart/.gvm/gos/go1.16
# automatic
%D = $(patsubst %/,%,$(dir $%))
# default
MAKE_COMMAND := /Library/Developer/CommandLineTools/usr/bin/make
# default
.VARIABLES := 
# environment
TMPDIR = /var/folders/fg/9g0ns2816011mn5y6y92fkzh0000gn/T/
# automatic
*F = $(notdir $*)
# environment
VSCODE_IPC_HOOK = /Users/bartoszlenart/Library/Application Support/Code/1.69.1-main.sock
# environment
MallocNanoZone = 0
# makefile
MAKEFLAGS = Rrqp
# environment
MFLAGS = -Rrqp
# automatic
*D = $(patsubst %/,%,$(dir $*))
# environment
NVM_DIR = /Users/bartoszlenart/.nvm
# environment
XPC_SERVICE_NAME = application.com.microsoft.VSCode.18054480.18054486
# environment
HOMEBREW_PREFIX = /opt/homebrew
# automatic
+D = $(patsubst %/,%,$(dir $+))
# automatic
+F = $(notdir $+)
# environment
HOMEBREW_REPOSITORY = /opt/homebrew
# environment
__CF_USER_TEXT_ENCODING = 0x1F5:0x0:0x0
# environment
COMMAND_MODE = unix2003
# default
MAKEFILES := 
# automatic
<F = $(notdir $<)
# environment
LC_ALL = C
# automatic
^F = $(notdir $^)
# default
SUFFIXES := 
# environment
MAKELEVEL := 0
# environment
LANG = C
# environment
VSCODE_PID = 21993
# variable set hash-table stats:
# Load=79/1024=8%, Rehash=0, Collisions=1/99=1%

# Pattern-specific Variable Values

# No pattern-specific variable values.

# Directories

# . (device 16777233, inode 17571817): 17 files, no impossibilities.

# 17 files, no impossibilities in 1 directories.

# Implicit Rules

# No implicit rules.

# Files

# Not a target:
all:
#  Command-line target.
#  Implicit rule search has been done.
#  File does not exist.
#  File has not been updated.
# variable set hash-table stats:
# Load=0/32=0%, Rehash=0, Collisions=0/0=0%

# Not a target:
.SUFFIXES:
#  Implicit rule search has not been done.
#  Modification time never checked.
#  File has not been updated.

# Not a target:
Makefile:
#  A default, MAKEFILES, or -include/sinclude makefile.
#  Implicit rule search has been done.
#  File does not exist.
#  File has been updated.
#  Failed to be updated.
# variable set hash-table stats:
# Load=0/32=0%, Rehash=0, Collisions=0/0=0%

# Not a target:
makefile:
#  A default, MAKEFILES, or -include/sinclude makefile.
#  Implicit rule search has been done.
#  File does not exist.
#  File has been updated.
#  Failed to be updated.
# variable set hash-table stats:
# Load=0/32=0%, Rehash=0, Collisions=0/0=0%

# Not a target:
.DEFAULT:
#  Implicit rule search has not been done.
#  Modification time never checked.
#  File has not been updated.

# Not a target:
GNUmakefile:
#  A default, MAKEFILES, or -include/sinclude makefile.
#  Implicit rule search has been done.
#  File does not exist.
#  File has been updated.
#  Failed to be updated.
# variable set hash-table stats:
# Load=0/32=0%, Rehash=0, Collisions=0/0=0%

# files hash-table stats:
# Load=6/1024=1%, Rehash=0, Collisions=0/17=0%
# VPATH Search Paths

# No `vpath' search paths.

# No general (`VPATH' variable) search path.

# # of strings in strcache: 0
# # of strcache buffers: 0
# strcache size: total = 0 / max = 0 / min = 4096 / avg = 0
# strcache free: total = 0 / max = 0 / min = 4096 / avg = 0

# Finished Make data base on Wed Jul 13 18:50:54 2022

 
